
Started GET /joyas for :: ::1 at Tue Jan 16 2024 13:44:12 GMT-0300 (hora de verano de Chile)
  Parameters in body: {}
Completed: 200 message:  Time response: 49 ms Request ID: [b5451566-114c-44aa-b454-54716a061eb8]

Started GET /joyas for :: ::1 at Tue Jan 16 2024 14:01:02 GMT-0300 (hora de verano de Chile)
  Parameters in body: {}
Completed: 200 message:  Time response: 10 ms Request ID: [5684b283-fe6d-4922-98bf-76844eb0fdf8]

Started GET /joyas for :: ::1 at Tue Jan 16 2024 14:04:15 GMT-0300 (hora de verano de Chile)
  Parameters in body: {}
Completed: 200 message:  Time response: 10 ms Request ID: [117b6cda-8afe-4c87-bcf9-10b17776542c]

Started GET /joyas for :: ::1 at Tue Jan 16 2024 14:04:55 GMT-0300 (hora de verano de Chile)
  Parameters in body: {}
Completed: 200 message:  Time response: 44 ms Request ID: [f63e36a7-c0ae-4a8e-803a-968cd071bdef]

Started GET /joyas?limits=2 for :: ::1 at Tue Jan 16 2024 14:12:38 GMT-0300 (hora de verano de Chile)
  Parameters in body: {}
Completed: 200 message:  Time response: 61 ms Request ID: [152a3142-444c-46b7-8fe5-18d649ef98ec]

Started GET /joyas?limits=2 for :: ::1 at Tue Jan 16 2024 14:13:28 GMT-0300 (hora de verano de Chile)
  Parameters in body: {}
Completed: 200 message:  Time response: 25 ms Request ID: [663aef14-7cd6-4f19-86fd-143aef9e6369]

Started GET /joyas?limits=2 for :: ::1 at Tue Jan 16 2024 14:14:33 GMT-0300 (hora de verano de Chile)
  Parameters in body: {}
Completed: 200 message:  Time response: 148 ms Request ID: [ee2137b7-8b10-4cc0-90f4-4e5b1e300483]

Started GET /joyas?limits=2 for :: ::1 at Tue Jan 16 2024 14:15:08 GMT-0300 (hora de verano de Chile)
  Parameters in body: {}
Completed: 200 message:  Time response: 11 ms Request ID: [a9af8bd3-105d-4c1f-bd01-3985e9e23442]

Started GET /joyas?limits=2&page=1 for :: ::1 at Tue Jan 16 2024 14:15:36 GMT-0300 (hora de verano de Chile)
  Parameters in body: {}
Completed: 200 message:  Time response: 42 ms Request ID: [ea8ea912-8bf7-4aa8-af3b-3a139a5de4a5]

Started GET /joyas?limits=1&page=1 for :: ::1 at Tue Jan 16 2024 14:15:45 GMT-0300 (hora de verano de Chile)
  Parameters in body: {}
Completed: 200 message:  Time response: 3 ms Request ID: [ae632fbb-017b-4938-b131-1f52d041be29]

Started GET /joyas?limits=1&page=2 for :: ::1 at Tue Jan 16 2024 14:15:49 GMT-0300 (hora de verano de Chile)
  Parameters in body: {}
Completed: 200 message:  Time response: 3 ms Request ID: [25def451-5b34-42b9-b38b-d67042f7f173]

Started GET /joyas?limits=1&page=3 for :: ::1 at Tue Jan 16 2024 14:15:52 GMT-0300 (hora de verano de Chile)
  Parameters in body: {}
Completed: 200 message:  Time response: 9 ms Request ID: [48932fee-4738-4e71-9cde-ec478ec1a3ca]

Started GET /joyas?limits=1&page=0 for :: ::1 at Tue Jan 16 2024 14:15:54 GMT-0300 (hora de verano de Chile)
  Parameters in body: {}
Completed: 200 message:  Time response: 2 ms Request ID: [7d6e75ed-e89a-4736-983b-77feee9bee52]

Started GET /joyas?limits=1&page=1 for :: ::1 at Tue Jan 16 2024 14:16:14 GMT-0300 (hora de verano de Chile)
  Parameters in body: {}
Completed: 200 message:  Time response: 10 ms Request ID: [3f26d309-70f3-426b-91e5-e432e55489be]

Started GET /joyas?limits=1&page=1 for :: ::1 at Tue Jan 16 2024 14:16:34 GMT-0300 (hora de verano de Chile)
  Parameters in body: {}
Completed: 200 message:  Time response: 10 ms Request ID: [33f931bc-90c0-4e52-b771-cb30e1258cb5]

Started GET /joyas?limits=1&page=0 for :: ::1 at Tue Jan 16 2024 14:16:36 GMT-0300 (hora de verano de Chile)
  Parameters in body: {}
Completed: 500 message:  Time response: 16 ms Request ID: [b4a535f7-39d5-4d82-afa3-2ec5d0acfd54]

Started GET /joyas?limits=1&page=2 for :: ::1 at Tue Jan 16 2024 14:16:40 GMT-0300 (hora de verano de Chile)
  Parameters in body: {}
Completed: 200 message:  Time response: 42 ms Request ID: [ec0c1cb9-9896-4ee4-b6d6-e496efd4660d]

Started GET /joyas?limits=6&page=1&order_by=precio_ASC for :: ::1 at Tue Jan 16 2024 14:18:55 GMT-0300 (hora de verano de Chile)
  Parameters in body: {}
Completed: 200 message:  Time response: 42 ms Request ID: [5c964ceb-f823-470b-b82b-8856d289d6f3]

Started GET /joyas?limits=6&page=1&order_by=precio_DESC for :: ::1 at Tue Jan 16 2024 14:19:04 GMT-0300 (hora de verano de Chile)
  Parameters in body: {}
Completed: 200 message:  Time response: 3 ms Request ID: [95273226-48fd-46df-b628-ee083f09c166]

Started GET /joyas?limits=6&page=1&order_by=precio_DESC for :: ::1 at Tue Jan 16 2024 14:23:04 GMT-0300 (hora de verano de Chile)
  Parameters in body: {}
Completed: 200 message:  Time response: 11 ms Request ID: [68744c6b-7ea8-424b-b2bd-ee790ff611ba]

Started GET /joyas?limits=6&page=1&order_by=precio_DESC for :: ::1 at Tue Jan 16 2024 17:38:29 GMT-0300 (hora de verano de Chile)
  Parameters in body: {}
Completed: 200 message:  Time response: 11 ms Request ID: [2fff6b5c-d601-4947-9a96-74d60b01be99]

Started GET /joyas?limits=2&page=1&order_by=precio_DESC for :: ::1 at Tue Jan 16 2024 17:38:40 GMT-0300 (hora de verano de Chile)
  Parameters in body: {}
Completed: 200 message:  Time response: 47 ms Request ID: [3ddefafb-2e41-4fd1-b628-5b9f3161ff20]

Started GET /joyas?limits=2&page=1 for :: ::1 at Tue Jan 16 2024 17:38:47 GMT-0300 (hora de verano de Chile)
  Parameters in body: {}
Completed: 200 message:  Time response: 2 ms Request ID: [4752725e-0c94-40cf-baf7-a31003cac260]

Started GET /joyas?limits=2&page=1 for :: ::1 at Tue Jan 16 2024 17:39:55 GMT-0300 (hora de verano de Chile)
  Parameters in body: {}
Completed: 200 message:  Time response: 10 ms Request ID: [13596460-8048-4761-9b5e-76c9f0e32949]

Started GET /joyas?limits=2&page=1 for :: ::1 at Tue Jan 16 2024 17:41:52 GMT-0300 (hora de verano de Chile)
  Parameters in body: {}
Completed: 200 message:  Time response: 14 ms Request ID: [7b5af29f-18e9-457e-a861-f3343d2a1e1b]

Started GET /joyas?limits=2&page=1 for :: ::1 at Tue Jan 16 2024 17:42:35 GMT-0300 (hora de verano de Chile)
  Parameters in body: {}
Completed: 200 message:  Time response: 13 ms Request ID: [b87a5d22-c3a8-4be9-bea9-5ae794259194]

Started GET /joyas?limits=2&page=1 for :: ::1 at Tue Jan 16 2024 17:43:14 GMT-0300 (hora de verano de Chile)
  Parameters in body: {}
Completed: 200 message:  Time response: 13 ms Request ID: [06bfa6da-178e-4319-abb5-019702a8b9bd]

Started GET /joyas?limits=2&page=1 for :: ::1 at Tue Jan 16 2024 17:43:47 GMT-0300 (hora de verano de Chile)
  Parameters in body: {}
Completed: 200 message:  Time response: 12 ms Request ID: [9bdc5e79-9e19-49d9-ae49-3b3efbd260e8]

Started GET /joyas?limits=2&page=1 for :: ::1 at Tue Jan 16 2024 17:43:57 GMT-0300 (hora de verano de Chile)
  Parameters in body: {}
Completed: 200 message:  Time response: 12 ms Request ID: [57d36e94-b708-4ce6-adb4-fc35150110a2]

Started GET /joyas?limits=2&page=1 for :: ::1 at Tue Jan 16 2024 17:45:30 GMT-0300 (hora de verano de Chile)
  Parameters in body: {}
Completed: 200 message:  Time response: 53 ms Request ID: [0fa80334-027a-4d38-8a80-be81aca72733]

Started GET /joyas?limits=2&page=1 for :: ::1 at Tue Jan 16 2024 17:47:25 GMT-0300 (hora de verano de Chile)
  Parameters in body: {}
Completed: 200 message:  Time response: 10 ms Request ID: [d38e1bac-a8b6-4233-8c4d-a240176a2d76]

Started GET /joyas?limits=1&page=1 for :: ::1 at Tue Jan 16 2024 17:47:28 GMT-0300 (hora de verano de Chile)
  Parameters in body: {}
Completed: 200 message:  Time response: 2 ms Request ID: [290a278f-b241-482d-8a6b-b04935a343d0]

Started GET /joyas?limits=3&page=2&order_by=stock_ASC for :: ::1 at Tue Jan 16 2024 17:47:57 GMT-0300 (hora de verano de Chile)
  Parameters in body: {}
Completed: 200 message:  Time response: 151 ms Request ID: [77fb7ae5-bb25-44d7-a8fb-fa0128ca378a]

Started GET /joyas?limits=3&page=2&order_by=stock_ASC for :: ::1 at Tue Jan 16 2024 17:50:58 GMT-0300 (hora de verano de Chile)
  Parameters in body: {}
Completed: 200 message:  Time response: 11 ms Request ID: [95ee13cf-bff2-473d-bd10-77b0076215c1]

Started GET /joyas?limits=3&page=2&order_by=stock_ASC for :: ::1 at Tue Jan 16 2024 17:51:52 GMT-0300 (hora de verano de Chile)
  Parameters in body: {}
Completed: 500 message:  Time response: 13 ms Request ID: [b59098f3-23ab-434d-ad8b-3a857371f57f]

Started GET /joyas?limits=3&page=2&order_by=stock_ASC for :: ::1 at Tue Jan 16 2024 17:52:00 GMT-0300 (hora de verano de Chile)
  Parameters in body: {}
Completed: 200 message:  Time response: 10 ms Request ID: [38241eb3-d5f1-4ef1-ad01-a38c06a0fca0]

Started GET /joyas?limits=3&page=2&order_by=stock_ASC for :: ::1 at Tue Jan 16 2024 17:55:34 GMT-0300 (hora de verano de Chile)
  Parameters in body: {}
Completed: 200 message:  Time response: 10 ms Request ID: [da4dc1ef-585a-41c3-9d21-6bf139ee25cd]

Started GET /joyas?limits=3&page=2&order_by=stock_ASC for :: ::1 at Tue Jan 16 2024 17:55:49 GMT-0300 (hora de verano de Chile)
  Parameters in body: {}
Completed: 200 message:  Time response: 10 ms Request ID: [111cf7ff-45e9-4ac3-a7ce-74399483e6a2]
